<?xml version="1.0" encoding="UTF-8"?>
<testng-results skipped="0" failed="0" ignored="0" total="2" passed="2">
  <reporter-output>
  </reporter-output>
  <suite name="Suite" duration-ms="85748" started-at="2018-09-15T06:18:22Z" finished-at="2018-09-15T06:19:47Z">
    <groups>
    </groups>
    <test name="Test" duration-ms="85748" started-at="2018-09-15T06:18:22Z" finished-at="2018-09-15T06:19:47Z">
      <class name="tests.TC001_CreateLead">
        <test-method status="PASS" signature="startResult()[pri:0, instance:tests.TC001_CreateLead@4e9ba398]" name="startResult" is-config="true" duration-ms="2253" started-at="2018-09-15T06:18:19Z" finished-at="2018-09-15T06:18:22Z">
          <reporter-output>
          </reporter-output>
        </test-method> <!-- startResult -->
        <test-method status="PASS" signature="setData()[pri:0, instance:tests.TC001_CreateLead@4e9ba398]" name="setData" is-config="true" duration-ms="2" started-at="2018-09-15T06:18:22Z" finished-at="2018-09-15T06:18:22Z">
          <reporter-output>
          </reporter-output>
        </test-method> <!-- setData -->
        <test-method status="PASS" signature="startTestCase()[pri:0, instance:tests.TC001_CreateLead@4e9ba398]" name="startTestCase" is-config="true" duration-ms="25" started-at="2018-09-15T06:18:24Z" finished-at="2018-09-15T06:18:24Z">
          <reporter-output>
          </reporter-output>
        </test-method> <!-- startTestCase -->
        <test-method status="PASS" signature="login(java.lang.String, java.lang.String, java.lang.String)[pri:0, instance:tests.TC001_CreateLead@4e9ba398]" name="login" is-config="true" duration-ms="37175" started-at="2018-09-15T06:18:24Z" finished-at="2018-09-15T06:19:01Z">
          <params>
            <param index="0">
              <value>
                <![CDATA[http://leaftaps.com/opentaps]]>
              </value>
            </param>
            <param index="1">
              <value>
                <![CDATA[DemoCSR]]>
              </value>
            </param>
            <param index="2">
              <value>
                <![CDATA[crmsfa]]>
              </value>
            </param>
          </params>
          <reporter-output>
          </reporter-output>
        </test-method> <!-- login -->
        <test-method status="PASS" signature="createLead(java.lang.String, java.lang.String, java.lang.String, java.lang.String)[pri:0, instance:tests.TC001_CreateLead@4e9ba398]" name="createLead" duration-ms="12162" started-at="2018-09-15T06:19:01Z" data-provider="fetchData" finished-at="2018-09-15T06:19:13Z">
          <params>
            <param index="0">
              <value>
                <![CDATA[Cognizant]]>
              </value>
            </param>
            <param index="1">
              <value>
                <![CDATA[jeba]]>
              </value>
            </param>
            <param index="2">
              <value>
                <![CDATA[j]]>
              </value>
            </param>
            <param index="3">
              <value>
                <![CDATA[js@cts.com]]>
              </value>
            </param>
          </params>
          <reporter-output>
          </reporter-output>
        </test-method> <!-- createLead -->
        <test-method status="PASS" signature="close()[pri:0, instance:tests.TC001_CreateLead@4e9ba398]" name="close" is-config="true" duration-ms="1015" started-at="2018-09-15T06:19:13Z" finished-at="2018-09-15T06:19:14Z">
          <reporter-output>
          </reporter-output>
        </test-method> <!-- close -->
        <test-method status="PASS" signature="startTestCase()[pri:0, instance:tests.TC001_CreateLead@4e9ba398]" name="startTestCase" is-config="true" duration-ms="1" started-at="2018-09-15T06:19:14Z" finished-at="2018-09-15T06:19:14Z">
          <reporter-output>
          </reporter-output>
        </test-method> <!-- startTestCase -->
        <test-method status="PASS" signature="login(java.lang.String, java.lang.String, java.lang.String)[pri:0, instance:tests.TC001_CreateLead@4e9ba398]" name="login" is-config="true" duration-ms="19310" started-at="2018-09-15T06:19:14Z" finished-at="2018-09-15T06:19:33Z">
          <params>
            <param index="0">
              <value>
                <![CDATA[http://leaftaps.com/opentaps]]>
              </value>
            </param>
            <param index="1">
              <value>
                <![CDATA[DemoCSR]]>
              </value>
            </param>
            <param index="2">
              <value>
                <![CDATA[crmsfa]]>
              </value>
            </param>
          </params>
          <reporter-output>
          </reporter-output>
        </test-method> <!-- login -->
        <test-method status="PASS" signature="createLead(java.lang.String, java.lang.String, java.lang.String, java.lang.String)[pri:0, instance:tests.TC001_CreateLead@4e9ba398]" name="createLead" duration-ms="13086" started-at="2018-09-15T06:19:33Z" data-provider="fetchData" finished-at="2018-09-15T06:19:46Z">
          <params>
            <param index="0">
              <value>
                <![CDATA[wipro]]>
              </value>
            </param>
            <param index="1">
              <value>
                <![CDATA[selvan]]>
              </value>
            </param>
            <param index="2">
              <value>
                <![CDATA[j]]>
              </value>
            </param>
            <param index="3">
              <value>
                <![CDATA[js@wipro.com]]>
              </value>
            </param>
          </params>
          <reporter-output>
          </reporter-output>
        </test-method> <!-- createLead -->
        <test-method status="PASS" signature="close()[pri:0, instance:tests.TC001_CreateLead@4e9ba398]" name="close" is-config="true" duration-ms="894" started-at="2018-09-15T06:19:46Z" finished-at="2018-09-15T06:19:47Z">
          <reporter-output>
          </reporter-output>
        </test-method> <!-- close -->
        <test-method status="PASS" signature="stopResult()[pri:0, instance:tests.TC001_CreateLead@4e9ba398]" name="stopResult" is-config="true" duration-ms="1347" started-at="2018-09-15T06:19:47Z" finished-at="2018-09-15T06:19:49Z">
          <reporter-output>
          </reporter-output>
        </test-method> <!-- stopResult -->
      </class> <!-- tests.TC001_CreateLead -->
    </test> <!-- Test -->
  </suite> <!-- Suite -->
</testng-results>
